<?xml version="1.0" encoding="UTF-8"?>
<testsuite name="com.example.BookTicketTest" tests="1" skipped="0" failures="0" errors="0" timestamp="2021-08-17T18:39:08" hostname="Vishaps-MBP" time="0.035">
  <properties/>
  <testcase name="should return the ticket number of booked ticket" classname="com.example.BookTicketTest" time="0.035"/>
  <system-out><![CDATA[]]></system-out>
  <system-err><![CDATA[]]></system-err>
</testsuite>
